<?xml version="1.0" encoding="UTF-8"?>
<!-- Generated by org.testng.reporters.JUnitReportReporter -->
<testsuite hostname="DESKTOP-K1NGQ9O" failures="0" tests="1" name="com.saucedemo.TestPack.TC02_VerifyLogOutFunctionality" time="9.147" errors="0" timestamp="2022-11-05T00:28:35 IST" skipped="0">
  <testcase classname="com.saucedemo.TestPack.TC02_VerifyLogOutFunctionality" name="verifyLogOut" time="9.147"/>
  <system-out/>
</testsuite> <!-- com.saucedemo.TestPack.TC02_VerifyLogOutFunctionality -->
