<?xml version="1.0" encoding="UTF-8"?>
<!-- Generated by org.testng.reporters.JUnitReportReporter -->
<testsuite hostname="DESKTOP-K1NGQ9O" failures="0" tests="1" name="com.saucedemo.TestPack.TC03_Verify_BagProduct_AddToCart_Functionality" time="10.016" errors="0" timestamp="2022-11-05T00:28:35 IST" skipped="0">
  <testcase classname="com.saucedemo.TestPack.TC03_Verify_BagProduct_AddToCart_Functionality" name="verifyBagProductAddToCart" time="10.016"/>
  <system-out/>
</testsuite> <!-- com.saucedemo.TestPack.TC03_Verify_BagProduct_AddToCart_Functionality -->
